<?xml version="1.0" encoding="UTF-8" standalone="no"?>
<!DOCTYPE log SYSTEM "logger.dtd">
<log>
<record>
  <date>2018-09-24T17:28:27</date>
  <millis>1537820907212</millis>
  <sequence>0</sequence>
  <level>SEVERE</level>
  <class>DirWalker_f</class>
  <method>csvParser</method>
  <thread>1</thread>
  <message>1</message>
</record>
<record>
  <date>2018-09-24T17:28:27</date>
  <millis>1537820907295</millis>
  <sequence>1</sequence>
  <level>SEVERE</level>
  <class>DirWalker_f</class>
  <method>csvParser</method>
  <thread>1</thread>
  <message>1</message>
</record>
<record>
  <date>2018-09-24T17:28:27</date>
  <millis>1537820907330</millis>
  <sequence>2</sequence>
  <level>SEVERE</level>
  <class>DirWalker_f</class>
  <method>csvParser</method>
  <thread>1</thread>
  <message>6</message>
</record>
<record>
  <date>2018-09-24T17:28:29</date>
  <millis>1537820909545</millis>
  <sequence>3</sequence>
  <level>SEVERE</level>
  <class>DirWalker_f</class>
  <method>csvParser</method>
  <thread>1</thread>
  <message>7</message>
</record>
<record>
  <date>2018-09-24T17:28:30</date>
  <millis>1537820910827</millis>
  <sequence>4</sequence>
  <level>INFO</level>
  <class>DirWalker_f</class>
  <method>main</method>
  <thread>1</thread>
  <message>Time taken to walk through and write - 4676 ms</message>
</record>
<record>
  <date>2018-09-24T17:28:30</date>
  <millis>1537820910840</millis>
  <sequence>5</sequence>
  <level>INFO</level>
  <class>DirWalker_f</class>
  <method>main</method>
  <thread>1</thread>
  <message>	Total Directories - 623</message>
</record>
<record>
  <date>2018-09-24T17:28:30</date>
  <millis>1537820910850</millis>
  <sequence>6</sequence>
  <level>INFO</level>
  <class>DirWalker_f</class>
  <method>main</method>
  <thread>1</thread>
  <message>	Total files read -13095</message>
</record>
<record>
  <date>2018-09-24T17:28:30</date>
  <millis>1537820910858</millis>
  <sequence>7</sequence>
  <level>INFO</level>
  <class>DirWalker_f</class>
  <method>main</method>
  <thread>1</thread>
  <message>	Total number of rows  282861</message>
</record>
<record>
  <date>2018-09-24T17:28:30</date>
  <millis>1537820910862</millis>
  <sequence>8</sequence>
  <level>INFO</level>
  <class>DirWalker_f</class>
  <method>main</method>
  <thread>1</thread>
  <message>Valid Number of Rows Read  - 201040</message>
</record>
<record>
  <date>2018-09-24T17:28:30</date>
  <millis>1537820910872</millis>
  <sequence>9</sequence>
  <level>INFO</level>
  <class>DirWalker_f</class>
  <method>main</method>
  <thread>1</thread>
  <message> Skipped Number of  Rows(exceptions and blank cells)- 81821</message>
</record>
